<?xml version="1.0" encoding="UTF-8"?>
<!-- Generated by org.testng.reporters.JUnitReportReporter -->
<testsuite hostname="Ravindar_PC" name="com.newtours.Test.Functional_Test" tests="4" failures="0" timestamp="12 Jul 2014 10:45:44 GMT" time="40.733" errors="0">
  <testcase name="test_PassengetDetails" time="19.970" classname="com.newtours.Test.Functional_Test"/>
  <testcase name="testHomePage03" time="0.001" classname="com.newtours.Test.Functional_Test"/>
  <testcase name="test_OneWayFlights" time="20.761" classname="com.newtours.Test.Functional_Test"/>
  <testcase name="testHomePage02" time="0.001" classname="com.newtours.Test.Functional_Test"/>
</testsuite> <!-- com.newtours.Test.Functional_Test -->
