<?xml version="1.0" encoding="UTF-8"?>
<!-- Generated by org.testng.reporters.JUnitReportReporter -->
<testsuite hostname="Ravindar_PC" name="com.newtours.Test.UserRegistration_Test" tests="1" failures="1" timestamp="12 Jul 2014 17:17:22 GMT" time="0.000" errors="0">
  <testcase name="userRegistration" time="0.000" classname="com.newtours.Test.UserRegistration_Test">
    <failure type="java.lang.RuntimeException" message="java.lang.NoSuchMethodError: org.apache.poi.util.IOUtils.copy(Ljava/io/InputStream;Ljava/io/OutputStream;)V">
      <![CDATA[java.lang.RuntimeException: java.lang.NoSuchMethodError: org.apache.poi.util.IOUtils.copy(Ljava/io/InputStream;Ljava/io/OutputStream;)V
	at org.testng.internal.MethodInvocationHelper.invokeDataProvider(MethodInvocationHelper.java:161)
	at org.testng.internal.Parameters.handleParameters(Parameters.java:429)
	at org.testng.internal.Invoker.handleParameters(Invoker.java:1383)
	at org.testng.internal.Invoker.createParameters(Invoker.java:1075)
	at org.testng.internal.Invoker.invokeTestMethods(Invoker.java:1180)
	at org.testng.internal.TestMethodWorker.invokeTestMethods(TestMethodWorker.java:127)
	at org.testng.internal.TestMethodWorker.run(TestMethodWorker.java:111)
	at org.testng.TestRunner.privateRun(TestRunner.java:767)
	at org.testng.TestRunner.run(TestRunner.java:617)
	at org.testng.SuiteRunner.runTest(SuiteRunner.java:334)
	at org.testng.SuiteRunner.runSequentially(SuiteRunner.java:329)
	at org.testng.SuiteRunner.privateRun(SuiteRunner.java:291)
	at org.testng.SuiteRunner.run(SuiteRunner.java:240)
	at org.testng.SuiteRunnerWorker.runSuite(SuiteRunnerWorker.java:52)
	at org.testng.SuiteRunnerWorker.run(SuiteRunnerWorker.java:86)
	at org.testng.TestNG.runSuitesSequentially(TestNG.java:1224)
	at org.testng.TestNG.runSuitesLocally(TestNG.java:1149)
	at org.testng.TestNG.run(TestNG.java:1057)
	at org.testng.remote.RemoteTestNG.run(RemoteTestNG.java:111)
	at org.testng.remote.RemoteTestNG.initAndRun(RemoteTestNG.java:204)
	at org.testng.remote.RemoteTestNG.main(RemoteTestNG.java:175)
Caused by: java.lang.NoSuchMethodError: org.apache.poi.util.IOUtils.copy(Ljava/io/InputStream;Ljava/io/OutputStream;)V
	at org.apache.poi.util.PackageHelper.open(PackageHelper.java:50)
	at org.apache.poi.xssf.usermodel.XSSFWorkbook.<init>(XSSFWorkbook.java:155)
	at com.newtours.util.Generic_Methods.getData_XLS(Generic_Methods.java:142)
	at com.newtours.Test.UserRegistration_Test.getXlsData(UserRegistration_Test.java:35)
	at sun.reflect.NativeMethodAccessorImpl.invoke0(Native Method)
	at sun.reflect.NativeMethodAccessorImpl.invoke(Unknown Source)
	at sun.reflect.DelegatingMethodAccessorImpl.invoke(Unknown Source)
	at java.lang.reflect.Method.invoke(Unknown Source)
	at org.testng.internal.MethodInvocationHelper.invokeMethod(MethodInvocationHelper.java:84)
	at org.testng.internal.MethodInvocationHelper.invokeDataProvider(MethodInvocationHelper.java:135)
	... 20 more
]]>
    </failure>
  </testcase> <!-- userRegistration -->
</testsuite> <!-- com.newtours.Test.UserRegistration_Test -->
